[2025-11-12 18:24:10] [INFO] Logger initialized
[2025-11-12 18:24:10] [INFO] === Pexeso Server Starting ===
[2025-11-12 18:24:10] [INFO] Configuration: IP=127.0.0.1, Port=10000, MaxRooms=10, MaxClients=50
[2025-11-12 18:24:10] [INFO] Room system initialized (max_rooms=10)
[2025-11-12 18:24:10] [INFO] Client list initialized (max: 50)
[2025-11-12 18:24:10] [INFO] PING thread started
[2025-11-12 18:24:10] [INFO] PING thread running
[2025-11-12 18:24:10] [INFO] Timeout checker thread started
[2025-11-12 18:24:10] [INFO] Server initialized: 127.0.0.1:10000 (max_rooms=10, max_clients=50)
[2025-11-12 18:24:10] [INFO] Server started, waiting for connections...
[2025-11-12 18:24:10] [INFO] Timeout checker thread running
[2025-11-12 18:25:36] [INFO] New connection from 127.0.0.1:50184 (fd=5)
[2025-11-12 18:25:36] [INFO] Client 1 added to list (total: 1)
[2025-11-12 18:25:36] [INFO] Client 1: Thread created successfully
[2025-11-12 18:25:36] [INFO] Client 1: Handler thread started (fd=5)
[2025-11-12 18:25:55] [INFO] Client 1: Received message: 'HELLO olda'
[2025-11-12 18:25:55] [INFO] Client 1 authenticated as 'olda'
[2025-11-12 18:26:07] [INFO] Client 1: Received message: 'CLOSE'
[2025-11-12 18:26:07] [WARN] Client 1: Unknown command: CLOSE
[2025-11-12 18:26:10] [INFO] PING sent to client 1 (olda)
[2025-11-12 18:26:11] [INFO] Client 1: Connection closed by client
[2025-11-12 18:26:11] [INFO] Client 1: Closing connection
[2025-11-12 18:26:11] [INFO] Client 1 removed from list (total: 0)
[2025-11-12 18:26:17] [INFO] Received signal 2, shutting down...
[2025-11-12 18:26:17] [INFO] Server stopped accepting connections
[2025-11-12 18:26:17] [INFO] Server shutting down...
[2025-11-12 18:26:17] [INFO] Client list shutdown
[2025-11-12 18:26:17] [INFO] Room system shutdown
[2025-11-12 18:26:17] [INFO] Server shutdown complete
